mode: set
gitlab.com/hieuxeko19991/job4e_be/services/autocomplete/trie.go:42.22,50.2 6 1
gitlab.com/hieuxeko19991/job4e_be/services/autocomplete/trie.go:52.43,59.2 3 1
gitlab.com/hieuxeko19991/job4e_be/services/autocomplete/trie.go:61.40,63.28 2 1
gitlab.com/hieuxeko19991/job4e_be/services/autocomplete/trie.go:63.28,65.3 1 1
gitlab.com/hieuxeko19991/job4e_be/services/autocomplete/trie.go:68.71,69.20 1 1
gitlab.com/hieuxeko19991/job4e_be/services/autocomplete/trie.go:72.2,73.16 2 1
gitlab.com/hieuxeko19991/job4e_be/services/autocomplete/trie.go:77.2,79.9 3 1
gitlab.com/hieuxeko19991/job4e_be/services/autocomplete/trie.go:82.2,85.25 4 1
gitlab.com/hieuxeko19991/job4e_be/services/autocomplete/trie.go:69.20,71.3 1 0
gitlab.com/hieuxeko19991/job4e_be/services/autocomplete/trie.go:73.16,76.3 2 0
gitlab.com/hieuxeko19991/job4e_be/services/autocomplete/trie.go:79.9,81.3 1 1
gitlab.com/hieuxeko19991/job4e_be/services/autocomplete/trie.go:85.25,87.10 2 1
gitlab.com/hieuxeko19991/job4e_be/services/autocomplete/trie.go:96.3,96.22 1 1
gitlab.com/hieuxeko19991/job4e_be/services/autocomplete/trie.go:87.10,90.37 3 1
gitlab.com/hieuxeko19991/job4e_be/services/autocomplete/trie.go:94.4,94.35 1 1
gitlab.com/hieuxeko19991/job4e_be/services/autocomplete/trie.go:90.37,92.5 1 1
gitlab.com/hieuxeko19991/job4e_be/services/autocomplete/trie.go:100.45,101.20 1 1
gitlab.com/hieuxeko19991/job4e_be/services/autocomplete/trie.go:105.2,107.16 3 1
gitlab.com/hieuxeko19991/job4e_be/services/autocomplete/trie.go:111.2,118.34 5 1
gitlab.com/hieuxeko19991/job4e_be/services/autocomplete/trie.go:121.2,121.36 1 1
gitlab.com/hieuxeko19991/job4e_be/services/autocomplete/trie.go:125.2,126.36 2 1
gitlab.com/hieuxeko19991/job4e_be/services/autocomplete/trie.go:130.2,130.39 1 1
gitlab.com/hieuxeko19991/job4e_be/services/autocomplete/trie.go:138.2,140.27 3 1
gitlab.com/hieuxeko19991/job4e_be/services/autocomplete/trie.go:145.2,145.18 1 1
gitlab.com/hieuxeko19991/job4e_be/services/autocomplete/trie.go:101.20,103.3 1 0
gitlab.com/hieuxeko19991/job4e_be/services/autocomplete/trie.go:107.16,110.3 2 0
gitlab.com/hieuxeko19991/job4e_be/services/autocomplete/trie.go:118.34,120.3 1 1
gitlab.com/hieuxeko19991/job4e_be/services/autocomplete/trie.go:121.36,123.3 1 1
gitlab.com/hieuxeko19991/job4e_be/services/autocomplete/trie.go:126.36,129.3 2 1
gitlab.com/hieuxeko19991/job4e_be/services/autocomplete/trie.go:130.39,131.10 1 1
gitlab.com/hieuxeko19991/job4e_be/services/autocomplete/trie.go:132.53,133.54 1 0
gitlab.com/hieuxeko19991/job4e_be/services/autocomplete/trie.go:134.11,135.28 1 1
gitlab.com/hieuxeko19991/job4e_be/services/autocomplete/trie.go:140.27,141.41 1 1
gitlab.com/hieuxeko19991/job4e_be/services/autocomplete/trie.go:141.41,143.4 1 1
gitlab.com/hieuxeko19991/job4e_be/services/autocomplete/trie.go:148.135,155.32 6 1
gitlab.com/hieuxeko19991/job4e_be/services/autocomplete/trie.go:166.2,166.33 1 1
gitlab.com/hieuxeko19991/job4e_be/services/autocomplete/trie.go:180.2,181.28 2 1
gitlab.com/hieuxeko19991/job4e_be/services/autocomplete/trie.go:185.2,185.23 1 1
gitlab.com/hieuxeko19991/job4e_be/services/autocomplete/trie.go:155.32,158.33 3 1
gitlab.com/hieuxeko19991/job4e_be/services/autocomplete/trie.go:163.3,163.75 1 1
gitlab.com/hieuxeko19991/job4e_be/services/autocomplete/trie.go:158.33,160.4 1 1
gitlab.com/hieuxeko19991/job4e_be/services/autocomplete/trie.go:160.9,162.4 1 1
gitlab.com/hieuxeko19991/job4e_be/services/autocomplete/trie.go:166.33,167.22 1 1
gitlab.com/hieuxeko19991/job4e_be/services/autocomplete/trie.go:177.3,177.63 1 1
gitlab.com/hieuxeko19991/job4e_be/services/autocomplete/trie.go:167.22,169.11 2 0
gitlab.com/hieuxeko19991/job4e_be/services/autocomplete/trie.go:169.11,171.5 1 0
gitlab.com/hieuxeko19991/job4e_be/services/autocomplete/trie.go:171.10,172.46 1 0
gitlab.com/hieuxeko19991/job4e_be/services/autocomplete/trie.go:172.46,174.6 1 0
gitlab.com/hieuxeko19991/job4e_be/services/autocomplete/trie.go:181.28,183.3 1 1
gitlab.com/hieuxeko19991/job4e_be/services/autocomplete/trie.go:185.23,186.35 1 1
gitlab.com/hieuxeko19991/job4e_be/services/autocomplete/trie.go:186.35,189.4 2 1
gitlab.com/hieuxeko19991/job4e_be/services/autocomplete/trie.go:193.88,194.34 1 1
gitlab.com/hieuxeko19991/job4e_be/services/autocomplete/trie.go:194.34,195.19 1 1
gitlab.com/hieuxeko19991/job4e_be/services/autocomplete/trie.go:203.3,203.52 1 1
gitlab.com/hieuxeko19991/job4e_be/services/autocomplete/trie.go:195.19,197.44 2 1
gitlab.com/hieuxeko19991/job4e_be/services/autocomplete/trie.go:197.44,200.5 2 1
gitlab.com/hieuxeko19991/job4e_be/services/autocomplete/trie.go:207.38,209.47 2 1
gitlab.com/hieuxeko19991/job4e_be/services/autocomplete/trie.go:215.2,215.10 1 0
gitlab.com/hieuxeko19991/job4e_be/services/autocomplete/trie.go:209.47,210.26 1 1
gitlab.com/hieuxeko19991/job4e_be/services/autocomplete/trie.go:210.26,212.4 1 1
gitlab.com/hieuxeko19991/job4e_be/services/autocomplete/levenshtein.go:7.39,8.17 1 1
gitlab.com/hieuxeko19991/job4e_be/services/autocomplete/levenshtein.go:11.2,11.17 1 1
gitlab.com/hieuxeko19991/job4e_be/services/autocomplete/levenshtein.go:15.2,15.12 1 1
gitlab.com/hieuxeko19991/job4e_be/services/autocomplete/levenshtein.go:19.2,22.23 3 1
gitlab.com/hieuxeko19991/job4e_be/services/autocomplete/levenshtein.go:26.2,31.31 4 1
gitlab.com/hieuxeko19991/job4e_be/services/autocomplete/levenshtein.go:35.2,36.26 2 1
gitlab.com/hieuxeko19991/job4e_be/services/autocomplete/levenshtein.go:51.2,51.14 1 1
gitlab.com/hieuxeko19991/job4e_be/services/autocomplete/levenshtein.go:8.17,10.3 1 1
gitlab.com/hieuxeko19991/job4e_be/services/autocomplete/levenshtein.go:11.17,13.3 1 1
gitlab.com/hieuxeko19991/job4e_be/services/autocomplete/levenshtein.go:15.12,17.3 1 1
gitlab.com/hieuxeko19991/job4e_be/services/autocomplete/levenshtein.go:22.23,24.3 1 1
gitlab.com/hieuxeko19991/job4e_be/services/autocomplete/levenshtein.go:31.31,33.3 1 1
gitlab.com/hieuxeko19991/job4e_be/services/autocomplete/levenshtein.go:36.26,38.27 2 1
gitlab.com/hieuxeko19991/job4e_be/services/autocomplete/levenshtein.go:49.3,49.15 1 1
gitlab.com/hieuxeko19991/job4e_be/services/autocomplete/levenshtein.go:38.27,40.26 2 1
gitlab.com/hieuxeko19991/job4e_be/services/autocomplete/levenshtein.go:46.4,47.15 2 1
gitlab.com/hieuxeko19991/job4e_be/services/autocomplete/levenshtein.go:40.26,45.5 4 1
gitlab.com/hieuxeko19991/job4e_be/services/autocomplete/levenshtein.go:54.24,55.11 1 1
gitlab.com/hieuxeko19991/job4e_be/services/autocomplete/levenshtein.go:58.2,58.10 1 1
gitlab.com/hieuxeko19991/job4e_be/services/autocomplete/levenshtein.go:55.11,57.3 1 1
gitlab.com/hieuxeko19991/job4e_be/services/blog/blog.go:24.60,29.2 1 1
gitlab.com/hieuxeko19991/job4e_be/services/blog/blog.go:31.87,33.2 1 1
gitlab.com/hieuxeko19991/job4e_be/services/blog/blog.go:35.122,37.16 2 1
gitlab.com/hieuxeko19991/job4e_be/services/blog/blog.go:40.2,40.17 1 1
gitlab.com/hieuxeko19991/job4e_be/services/blog/blog.go:37.16,39.3 1 0
gitlab.com/hieuxeko19991/job4e_be/services/blog/blog.go:43.145,45.16 2 1
gitlab.com/hieuxeko19991/job4e_be/services/blog/blog.go:48.2,48.17 1 1
gitlab.com/hieuxeko19991/job4e_be/services/blog/blog.go:45.16,47.3 1 0
gitlab.com/hieuxeko19991/job4e_be/services/blog/blog.go:50.137,52.16 2 1
gitlab.com/hieuxeko19991/job4e_be/services/blog/blog.go:55.2,55.17 1 1
gitlab.com/hieuxeko19991/job4e_be/services/blog/blog.go:52.16,54.3 1 0
gitlab.com/hieuxeko19991/job4e_be/services/blog/blog.go:58.86,68.16 3 1
gitlab.com/hieuxeko19991/job4e_be/services/blog/blog.go:71.2,71.12 1 1
gitlab.com/hieuxeko19991/job4e_be/services/blog/blog.go:68.16,70.3 1 0
gitlab.com/hieuxeko19991/job4e_be/services/blog/blog.go:73.101,83.16 3 1
gitlab.com/hieuxeko19991/job4e_be/services/blog/blog.go:86.2,86.12 1 1
gitlab.com/hieuxeko19991/job4e_be/services/blog/blog.go:83.16,85.3 1 0
gitlab.com/hieuxeko19991/job4e_be/services/blog/blog_gorm.go:29.61,34.2 1 0
gitlab.com/hieuxeko19991/job4e_be/services/blog/blog_gorm.go:36.91,40.16 4 0
gitlab.com/hieuxeko19991/job4e_be/services/blog/blog_gorm.go:44.2,46.16 3 0
gitlab.com/hieuxeko19991/job4e_be/services/blog/blog_gorm.go:49.2,50.19 2 0
gitlab.com/hieuxeko19991/job4e_be/services/blog/blog_gorm.go:40.16,43.3 2 0
gitlab.com/hieuxeko19991/job4e_be/services/blog/blog_gorm.go:46.16,48.3 1 0
gitlab.com/hieuxeko19991/job4e_be/services/blog/blog_gorm.go:53.126,65.16 9 0
gitlab.com/hieuxeko19991/job4e_be/services/blog/blog_gorm.go:69.2,70.18 2 0
gitlab.com/hieuxeko19991/job4e_be/services/blog/blog_gorm.go:74.2,80.21 6 0
gitlab.com/hieuxeko19991/job4e_be/services/blog/blog_gorm.go:65.16,68.3 2 0
gitlab.com/hieuxeko19991/job4e_be/services/blog/blog_gorm.go:70.18,73.3 1 0
gitlab.com/hieuxeko19991/job4e_be/services/blog/blog_gorm.go:83.73,86.16 3 0
gitlab.com/hieuxeko19991/job4e_be/services/blog/blog_gorm.go:90.2,90.12 1 0
gitlab.com/hieuxeko19991/job4e_be/services/blog/blog_gorm.go:86.16,89.3 2 0
gitlab.com/hieuxeko19991/job4e_be/services/blog/blog_gorm.go:92.101,101.16 3 0
gitlab.com/hieuxeko19991/job4e_be/services/blog/blog_gorm.go:105.2,105.12 1 0
gitlab.com/hieuxeko19991/job4e_be/services/blog/blog_gorm.go:101.16,104.3 2 0
gitlab.com/hieuxeko19991/job4e_be/services/blog/blog_gorm.go:108.149,116.22 7 0
gitlab.com/hieuxeko19991/job4e_be/services/blog/blog_gorm.go:150.2,156.21 6 0
gitlab.com/hieuxeko19991/job4e_be/services/blog/blog_gorm.go:116.22,123.17 3 0
gitlab.com/hieuxeko19991/job4e_be/services/blog/blog_gorm.go:127.3,128.19 2 0
gitlab.com/hieuxeko19991/job4e_be/services/blog/blog_gorm.go:123.17,126.4 2 0
gitlab.com/hieuxeko19991/job4e_be/services/blog/blog_gorm.go:128.19,131.4 1 0
gitlab.com/hieuxeko19991/job4e_be/services/blog/blog_gorm.go:132.8,139.17 3 0
gitlab.com/hieuxeko19991/job4e_be/services/blog/blog_gorm.go:143.3,144.19 2 0
gitlab.com/hieuxeko19991/job4e_be/services/blog/blog_gorm.go:139.17,142.4 2 0
gitlab.com/hieuxeko19991/job4e_be/services/blog/blog_gorm.go:144.19,147.4 1 0
gitlab.com/hieuxeko19991/job4e_be/services/blog/blog_gorm.go:159.141,172.16 9 0
gitlab.com/hieuxeko19991/job4e_be/services/blog/blog_gorm.go:176.2,177.18 2 0
gitlab.com/hieuxeko19991/job4e_be/services/blog/blog_gorm.go:181.2,187.21 6 0
gitlab.com/hieuxeko19991/job4e_be/services/blog/blog_gorm.go:172.16,175.3 2 0
gitlab.com/hieuxeko19991/job4e_be/services/blog/blog_gorm.go:177.18,180.3 1 0
gitlab.com/hieuxeko19991/job4e_be/services/candidate/candidate.go:33.85,38.2 1 1
gitlab.com/hieuxeko19991/job4e_be/services/candidate/candidate.go:40.116,42.16 2 1
gitlab.com/hieuxeko19991/job4e_be/services/candidate/candidate.go:46.2,48.16 3 1
gitlab.com/hieuxeko19991/job4e_be/services/candidate/candidate.go:53.2,53.19 1 1
gitlab.com/hieuxeko19991/job4e_be/services/candidate/candidate.go:42.16,45.3 2 0
gitlab.com/hieuxeko19991/job4e_be/services/candidate/candidate.go:48.16,51.3 2 0
gitlab.com/hieuxeko19991/job4e_be/services/candidate/candidate.go:56.107,58.16 2 1
gitlab.com/hieuxeko19991/job4e_be/services/candidate/candidate.go:62.2,64.16 3 1
gitlab.com/hieuxeko19991/job4e_be/services/candidate/candidate.go:69.2,69.12 1 1
gitlab.com/hieuxeko19991/job4e_be/services/candidate/candidate.go:58.16,61.3 2 0
gitlab.com/hieuxeko19991/job4e_be/services/candidate/candidate.go:64.16,67.3 2 0
gitlab.com/hieuxeko19991/job4e_be/services/candidate/candidate.go:72.123,74.16 2 1
gitlab.com/hieuxeko19991/job4e_be/services/candidate/candidate.go:78.2,79.16 2 1
gitlab.com/hieuxeko19991/job4e_be/services/candidate/candidate.go:84.2,84.19 1 1
gitlab.com/hieuxeko19991/job4e_be/services/candidate/candidate.go:74.16,77.3 2 0
gitlab.com/hieuxeko19991/job4e_be/services/candidate/candidate.go:79.16,82.3 2 0
gitlab.com/hieuxeko19991/job4e_be/services/candidate/candidate.go:88.155,90.16 2 1
gitlab.com/hieuxeko19991/job4e_be/services/candidate/candidate.go:93.2,93.17 1 1
gitlab.com/hieuxeko19991/job4e_be/services/candidate/candidate.go:90.16,92.3 1 0
gitlab.com/hieuxeko19991/job4e_be/services/candidate/candidate.go:96.141,99.17 3 1
gitlab.com/hieuxeko19991/job4e_be/services/candidate/candidate.go:104.2,105.16 2 1
gitlab.com/hieuxeko19991/job4e_be/services/candidate/candidate.go:109.2,109.12 1 1
gitlab.com/hieuxeko19991/job4e_be/services/candidate/candidate.go:99.17,102.3 2 0
gitlab.com/hieuxeko19991/job4e_be/services/candidate/candidate.go:105.16,108.3 2 0
gitlab.com/hieuxeko19991/job4e_be/services/candidate/candidate.go:112.77,117.16 2 1
gitlab.com/hieuxeko19991/job4e_be/services/candidate/candidate.go:120.2,120.30 1 1
gitlab.com/hieuxeko19991/job4e_be/services/candidate/candidate.go:117.16,119.3 1 0
gitlab.com/hieuxeko19991/job4e_be/services/candidate/candidate.go:123.145,127.16 3 1
gitlab.com/hieuxeko19991/job4e_be/services/candidate/candidate.go:130.2,130.12 1 1
gitlab.com/hieuxeko19991/job4e_be/services/candidate/candidate.go:127.16,129.3 1 0
gitlab.com/hieuxeko19991/job4e_be/services/candidate/candidate.go:134.112,141.16 3 1
gitlab.com/hieuxeko19991/job4e_be/services/candidate/candidate.go:144.2,144.12 1 1
gitlab.com/hieuxeko19991/job4e_be/services/candidate/candidate.go:141.16,143.3 1 0
gitlab.com/hieuxeko19991/job4e_be/services/candidate/candidate.go:147.102,150.16 2 1
gitlab.com/hieuxeko19991/job4e_be/services/candidate/candidate.go:154.2,154.12 1 1
gitlab.com/hieuxeko19991/job4e_be/services/candidate/candidate.go:150.16,153.3 2 0
gitlab.com/hieuxeko19991/job4e_be/services/candidate/candidate.go:157.127,160.17 3 1
gitlab.com/hieuxeko19991/job4e_be/services/candidate/candidate.go:165.2,166.16 2 1
gitlab.com/hieuxeko19991/job4e_be/services/candidate/candidate.go:170.2,170.12 1 1
gitlab.com/hieuxeko19991/job4e_be/services/candidate/candidate.go:160.17,163.3 2 0
gitlab.com/hieuxeko19991/job4e_be/services/candidate/candidate.go:166.16,169.3 2 0
gitlab.com/hieuxeko19991/job4e_be/services/candidate/candidate.go:173.128,175.16 2 1
gitlab.com/hieuxeko19991/job4e_be/services/candidate/candidate.go:178.2,178.17 1 1
gitlab.com/hieuxeko19991/job4e_be/services/candidate/candidate.go:175.16,177.3 1 0
gitlab.com/hieuxeko19991/job4e_be/services/candidate/candidate.go:181.141,186.20 5 0
gitlab.com/hieuxeko19991/job4e_be/services/candidate/candidate.go:191.2,191.16 1 0
gitlab.com/hieuxeko19991/job4e_be/services/candidate/candidate.go:195.2,196.39 2 0
gitlab.com/hieuxeko19991/job4e_be/services/candidate/candidate.go:208.2,213.19 2 0
gitlab.com/hieuxeko19991/job4e_be/services/candidate/candidate.go:186.20,188.3 1 0
gitlab.com/hieuxeko19991/job4e_be/services/candidate/candidate.go:188.8,190.3 1 0
gitlab.com/hieuxeko19991/job4e_be/services/candidate/candidate.go:191.16,194.3 2 0
gitlab.com/hieuxeko19991/job4e_be/services/candidate/candidate.go:196.39,198.17 2 0
gitlab.com/hieuxeko19991/job4e_be/services/candidate/candidate.go:202.3,206.59 2 0
gitlab.com/hieuxeko19991/job4e_be/services/candidate/candidate.go:198.17,200.12 2 0
gitlab.com/hieuxeko19991/job4e_be/services/candidate/candidate.go:216.141,219.16 3 0
gitlab.com/hieuxeko19991/job4e_be/services/candidate/candidate.go:223.2,224.39 2 0
gitlab.com/hieuxeko19991/job4e_be/services/candidate/candidate.go:236.2,241.19 2 0
gitlab.com/hieuxeko19991/job4e_be/services/candidate/candidate.go:219.16,222.3 2 0
gitlab.com/hieuxeko19991/job4e_be/services/candidate/candidate.go:224.39,226.17 2 0
gitlab.com/hieuxeko19991/job4e_be/services/candidate/candidate.go:230.3,234.59 2 0
gitlab.com/hieuxeko19991/job4e_be/services/candidate/candidate.go:226.17,228.12 2 0
gitlab.com/hieuxeko19991/job4e_be/services/candidate/candidate.go:244.79,246.2 1 1
gitlab.com/hieuxeko19991/job4e_be/services/candidate/candidate_gorm.go:48.71,53.2 1 0
gitlab.com/hieuxeko19991/job4e_be/services/candidate/candidate_gorm.go:55.98,58.16 3 0
gitlab.com/hieuxeko19991/job4e_be/services/candidate/candidate_gorm.go:62.2,62.36 1 0
gitlab.com/hieuxeko19991/job4e_be/services/candidate/candidate_gorm.go:58.16,61.3 2 0
gitlab.com/hieuxeko19991/job4e_be/services/candidate/candidate_gorm.go:65.108,68.16 3 0
gitlab.com/hieuxeko19991/job4e_be/services/candidate/candidate_gorm.go:72.2,72.12 1 0
gitlab.com/hieuxeko19991/job4e_be/services/candidate/candidate_gorm.go:68.16,71.3 2 0
gitlab.com/hieuxeko19991/job4e_be/services/candidate/candidate_gorm.go:75.109,79.16 4 0
gitlab.com/hieuxeko19991/job4e_be/services/candidate/candidate_gorm.go:83.2,85.16 3 0
gitlab.com/hieuxeko19991/job4e_be/services/candidate/candidate_gorm.go:88.2,89.24 2 0
gitlab.com/hieuxeko19991/job4e_be/services/candidate/candidate_gorm.go:79.16,82.3 2 0
gitlab.com/hieuxeko19991/job4e_be/services/candidate/candidate_gorm.go:85.16,87.3 1 0
gitlab.com/hieuxeko19991/job4e_be/services/candidate/candidate_gorm.go:92.75,99.16 4 0
gitlab.com/hieuxeko19991/job4e_be/services/candidate/candidate_gorm.go:103.2,104.27 2 0
gitlab.com/hieuxeko19991/job4e_be/services/candidate/candidate_gorm.go:109.2,109.17 1 0
gitlab.com/hieuxeko19991/job4e_be/services/candidate/candidate_gorm.go:99.16,102.3 2 0
gitlab.com/hieuxeko19991/job4e_be/services/candidate/candidate_gorm.go:104.27,108.3 3 0
gitlab.com/hieuxeko19991/job4e_be/services/candidate/candidate_gorm.go:112.118,118.16 6 0
gitlab.com/hieuxeko19991/job4e_be/services/candidate/candidate_gorm.go:123.2,123.31 1 0
gitlab.com/hieuxeko19991/job4e_be/services/candidate/candidate_gorm.go:118.16,121.3 2 0
gitlab.com/hieuxeko19991/job4e_be/services/candidate/candidate_gorm.go:127.152,144.16 10 0
gitlab.com/hieuxeko19991/job4e_be/services/candidate/candidate_gorm.go:148.2,149.18 2 0
gitlab.com/hieuxeko19991/job4e_be/services/candidate/candidate_gorm.go:155.2,155.32 1 0
gitlab.com/hieuxeko19991/job4e_be/services/candidate/candidate_gorm.go:164.2,170.21 6 0
gitlab.com/hieuxeko19991/job4e_be/services/candidate/candidate_gorm.go:144.16,147.3 2 0
gitlab.com/hieuxeko19991/job4e_be/services/candidate/candidate_gorm.go:149.18,153.3 1 0
gitlab.com/hieuxeko19991/job4e_be/services/candidate/candidate_gorm.go:155.32,157.17 2 0
gitlab.com/hieuxeko19991/job4e_be/services/candidate/candidate_gorm.go:161.3,161.27 1 0
gitlab.com/hieuxeko19991/job4e_be/services/candidate/candidate_gorm.go:157.17,160.4 2 0
gitlab.com/hieuxeko19991/job4e_be/services/candidate/candidate_gorm.go:173.130,176.16 3 0
gitlab.com/hieuxeko19991/job4e_be/services/candidate/candidate_gorm.go:180.2,180.12 1 0
gitlab.com/hieuxeko19991/job4e_be/services/candidate/candidate_gorm.go:176.16,179.3 2 0
gitlab.com/hieuxeko19991/job4e_be/services/candidate/candidate_gorm.go:183.142,187.16 3 0
gitlab.com/hieuxeko19991/job4e_be/services/candidate/candidate_gorm.go:191.2,191.12 1 0
gitlab.com/hieuxeko19991/job4e_be/services/candidate/candidate_gorm.go:187.16,190.3 2 0
gitlab.com/hieuxeko19991/job4e_be/services/candidate/candidate_gorm.go:195.109,198.16 3 0
gitlab.com/hieuxeko19991/job4e_be/services/candidate/candidate_gorm.go:202.2,202.12 1 0
gitlab.com/hieuxeko19991/job4e_be/services/candidate/candidate_gorm.go:198.16,201.3 2 0
gitlab.com/hieuxeko19991/job4e_be/services/candidate/candidate_gorm.go:205.99,209.16 4 0
gitlab.com/hieuxeko19991/job4e_be/services/candidate/candidate_gorm.go:213.2,213.12 1 0
gitlab.com/hieuxeko19991/job4e_be/services/candidate/candidate_gorm.go:209.16,212.3 2 0
gitlab.com/hieuxeko19991/job4e_be/services/candidate/candidate_gorm.go:216.128,219.16 3 0
gitlab.com/hieuxeko19991/job4e_be/services/candidate/candidate_gorm.go:223.2,223.12 1 0
gitlab.com/hieuxeko19991/job4e_be/services/candidate/candidate_gorm.go:219.16,222.3 2 0
gitlab.com/hieuxeko19991/job4e_be/services/candidate/candidate_gorm.go:226.125,234.16 4 0
gitlab.com/hieuxeko19991/job4e_be/services/candidate/candidate_gorm.go:238.2,238.18 1 0
gitlab.com/hieuxeko19991/job4e_be/services/candidate/candidate_gorm.go:242.2,242.17 1 0
gitlab.com/hieuxeko19991/job4e_be/services/candidate/candidate_gorm.go:234.16,237.3 2 0
gitlab.com/hieuxeko19991/job4e_be/services/candidate/candidate_gorm.go:238.18,241.3 1 0
gitlab.com/hieuxeko19991/job4e_be/services/candidate/candidate_gorm.go:245.131,254.16 6 0
gitlab.com/hieuxeko19991/job4e_be/services/candidate/candidate_gorm.go:258.2,258.31 1 0
gitlab.com/hieuxeko19991/job4e_be/services/candidate/candidate_gorm.go:254.16,257.3 2 0
gitlab.com/hieuxeko19991/job4e_be/services/candidate/candidate_gorm.go:261.115,265.21 3 0
gitlab.com/hieuxeko19991/job4e_be/services/candidate/candidate_gorm.go:269.2,269.20 1 0
gitlab.com/hieuxeko19991/job4e_be/services/candidate/candidate_gorm.go:265.21,268.3 2 0
gitlab.com/hieuxeko19991/job4e_be/services/candidate/candidate_gorm.go:272.67,276.16 4 0
gitlab.com/hieuxeko19991/job4e_be/services/candidate/candidate_gorm.go:281.2,281.19 1 0
gitlab.com/hieuxeko19991/job4e_be/services/candidate/candidate_gorm.go:276.16,279.3 2 0
gitlab.com/hieuxeko19991/job4e_be/services/category/category.go:29.76,34.2 1 1
gitlab.com/hieuxeko19991/job4e_be/services/category/category.go:37.101,42.16 3 0
gitlab.com/hieuxeko19991/job4e_be/services/category/category.go:45.2,45.12 1 0
gitlab.com/hieuxeko19991/job4e_be/services/category/category.go:42.16,44.3 1 0
gitlab.com/hieuxeko19991/job4e_be/services/category/category.go:49.119,54.16 3 0
gitlab.com/hieuxeko19991/job4e_be/services/category/category.go:57.2,57.12 1 0
gitlab.com/hieuxeko19991/job4e_be/services/category/category.go:54.16,56.3 1 0
gitlab.com/hieuxeko19991/job4e_be/services/category/category.go:60.138,62.16 2 0
gitlab.com/hieuxeko19991/job4e_be/services/category/category.go:65.2,65.17 1 0
gitlab.com/hieuxeko19991/job4e_be/services/category/category.go:62.16,64.3 1 0
gitlab.com/hieuxeko19991/job4e_be/services/category/category.go:68.82,70.16 2 0
gitlab.com/hieuxeko19991/job4e_be/services/category/category.go:73.2,73.17 1 0
gitlab.com/hieuxeko19991/job4e_be/services/category/category.go:70.16,72.3 1 0
gitlab.com/hieuxeko19991/job4e_be/services/category/category_gorm.go:20.69,25.2 1 0
gitlab.com/hieuxeko19991/job4e_be/services/category/category_gorm.go:29.84,32.16 3 0
gitlab.com/hieuxeko19991/job4e_be/services/category/category_gorm.go:36.2,36.12 1 0
gitlab.com/hieuxeko19991/job4e_be/services/category/category_gorm.go:32.16,35.3 2 0
gitlab.com/hieuxeko19991/job4e_be/services/category/category_gorm.go:40.115,45.16 3 0
gitlab.com/hieuxeko19991/job4e_be/services/category/category_gorm.go:49.2,49.12 1 0
gitlab.com/hieuxeko19991/job4e_be/services/category/category_gorm.go:45.16,48.3 2 0
gitlab.com/hieuxeko19991/job4e_be/services/category/category_gorm.go:53.124,64.16 9 0
gitlab.com/hieuxeko19991/job4e_be/services/category/category_gorm.go:68.2,69.18 2 0
gitlab.com/hieuxeko19991/job4e_be/services/category/category_gorm.go:73.2,79.21 6 0
gitlab.com/hieuxeko19991/job4e_be/services/category/category_gorm.go:64.16,67.3 2 0
gitlab.com/hieuxeko19991/job4e_be/services/category/category_gorm.go:69.18,72.3 1 0
gitlab.com/hieuxeko19991/job4e_be/services/category/category_gorm.go:83.78,87.16 4 0
gitlab.com/hieuxeko19991/job4e_be/services/category/category_gorm.go:91.2,91.18 1 0
gitlab.com/hieuxeko19991/job4e_be/services/category/category_gorm.go:95.2,95.17 1 0
gitlab.com/hieuxeko19991/job4e_be/services/category/category_gorm.go:87.16,90.3 2 0
gitlab.com/hieuxeko19991/job4e_be/services/category/category_gorm.go:91.18,94.3 1 0
gitlab.com/hieuxeko19991/job4e_be/services/job_skill/job_skill.go:21.68,26.2 1 1
gitlab.com/hieuxeko19991/job4e_be/services/job_skill/job_skill.go:28.130,31.16 3 1
gitlab.com/hieuxeko19991/job4e_be/services/job_skill/job_skill.go:35.2,39.19 2 1
gitlab.com/hieuxeko19991/job4e_be/services/job_skill/job_skill.go:31.16,34.3 2 0
gitlab.com/hieuxeko19991/job4e_be/services/job_skill/job_skill.go:42.116,44.16 2 1
gitlab.com/hieuxeko19991/job4e_be/services/job_skill/job_skill.go:48.2,48.20 1 1
gitlab.com/hieuxeko19991/job4e_be/services/job_skill/job_skill.go:44.16,47.3 2 0
gitlab.com/hieuxeko19991/job4e_be/services/job_skill/job_skill_gorm.go:29.69,34.2 1 0
gitlab.com/hieuxeko19991/job4e_be/services/job_skill/job_skill_gorm.go:36.87,39.16 3 0
gitlab.com/hieuxeko19991/job4e_be/services/job_skill/job_skill_gorm.go:43.2,43.12 1 0
gitlab.com/hieuxeko19991/job4e_be/services/job_skill/job_skill_gorm.go:39.16,42.3 2 0
gitlab.com/hieuxeko19991/job4e_be/services/job_skill/job_skill_gorm.go:46.71,49.16 3 0
gitlab.com/hieuxeko19991/job4e_be/services/job_skill/job_skill_gorm.go:53.2,53.12 1 0
gitlab.com/hieuxeko19991/job4e_be/services/job_skill/job_skill_gorm.go:49.16,52.3 2 0
gitlab.com/hieuxeko19991/job4e_be/services/job_skill/job_skill_gorm.go:56.100,63.16 4 0
gitlab.com/hieuxeko19991/job4e_be/services/job_skill/job_skill_gorm.go:67.2,67.20 1 0
gitlab.com/hieuxeko19991/job4e_be/services/job_skill/job_skill_gorm.go:63.16,66.3 2 0
gitlab.com/hieuxeko19991/job4e_be/services/job_skill/job_skill_gorm.go:70.121,78.16 4 0
gitlab.com/hieuxeko19991/job4e_be/services/job_skill/job_skill_gorm.go:82.2,84.16 3 0
gitlab.com/hieuxeko19991/job4e_be/services/job_skill/job_skill_gorm.go:88.2,88.25 1 0
gitlab.com/hieuxeko19991/job4e_be/services/job_skill/job_skill_gorm.go:78.16,81.3 2 0
gitlab.com/hieuxeko19991/job4e_be/services/job_skill/job_skill_gorm.go:84.16,87.3 2 0
gitlab.com/hieuxeko19991/job4e_be/services/media/media_gorm.go:27.63,32.2 1 0
gitlab.com/hieuxeko19991/job4e_be/services/media/media_gorm.go:36.76,39.16 3 0
gitlab.com/hieuxeko19991/job4e_be/services/media/media_gorm.go:43.2,43.12 1 0
gitlab.com/hieuxeko19991/job4e_be/services/media/media_gorm.go:39.16,42.3 2 0
gitlab.com/hieuxeko19991/job4e_be/services/media/media_gorm.go:47.105,53.16 3 0
gitlab.com/hieuxeko19991/job4e_be/services/media/media_gorm.go:57.2,57.12 1 0
gitlab.com/hieuxeko19991/job4e_be/services/media/media_gorm.go:53.16,56.3 2 0
gitlab.com/hieuxeko19991/job4e_be/services/media/media_gorm.go:61.119,72.16 9 0
gitlab.com/hieuxeko19991/job4e_be/services/media/media_gorm.go:76.2,77.18 2 0
gitlab.com/hieuxeko19991/job4e_be/services/media/media_gorm.go:81.2,87.21 6 0
gitlab.com/hieuxeko19991/job4e_be/services/media/media_gorm.go:72.16,75.3 2 0
gitlab.com/hieuxeko19991/job4e_be/services/media/media_gorm.go:77.18,80.3 1 0
gitlab.com/hieuxeko19991/job4e_be/services/media/media_gorm.go:91.75,95.16 4 0
gitlab.com/hieuxeko19991/job4e_be/services/media/media_gorm.go:99.2,99.18 1 0
gitlab.com/hieuxeko19991/job4e_be/services/media/media_gorm.go:103.2,103.17 1 0
gitlab.com/hieuxeko19991/job4e_be/services/media/media_gorm.go:95.16,98.3 2 0
gitlab.com/hieuxeko19991/job4e_be/services/media/media_gorm.go:99.18,102.3 1 0
gitlab.com/hieuxeko19991/job4e_be/services/media/media.go:22.72,27.2 1 1
gitlab.com/hieuxeko19991/job4e_be/services/media/media.go:30.90,36.16 3 0
gitlab.com/hieuxeko19991/job4e_be/services/media/media.go:39.2,39.12 1 0
gitlab.com/hieuxeko19991/job4e_be/services/media/media.go:36.16,38.3 1 0
gitlab.com/hieuxeko19991/job4e_be/services/media/media.go:43.106,49.16 3 0
gitlab.com/hieuxeko19991/job4e_be/services/media/media.go:52.2,52.12 1 0
gitlab.com/hieuxeko19991/job4e_be/services/media/media.go:49.16,51.3 1 0
gitlab.com/hieuxeko19991/job4e_be/services/media/media.go:55.130,57.16 2 0
gitlab.com/hieuxeko19991/job4e_be/services/media/media.go:60.2,60.17 1 0
gitlab.com/hieuxeko19991/job4e_be/services/media/media.go:57.16,59.3 1 0
gitlab.com/hieuxeko19991/job4e_be/services/media/media.go:63.71,65.16 2 0
gitlab.com/hieuxeko19991/job4e_be/services/media/media.go:68.2,68.17 1 0
gitlab.com/hieuxeko19991/job4e_be/services/media/media.go:65.16,67.3 1 0
gitlab.com/hieuxeko19991/job4e_be/services/job_apply/job_apply.go:34.172,42.2 1 0
gitlab.com/hieuxeko19991/job4e_be/services/job_apply/job_apply.go:44.88,54.16 3 0
gitlab.com/hieuxeko19991/job4e_be/services/job_apply/job_apply.go:58.2,59.16 2 0
gitlab.com/hieuxeko19991/job4e_be/services/job_apply/job_apply.go:63.2,81.16 7 0
gitlab.com/hieuxeko19991/job4e_be/services/job_apply/job_apply.go:84.2,84.12 1 0
gitlab.com/hieuxeko19991/job4e_be/services/job_apply/job_apply.go:54.16,57.3 2 0
gitlab.com/hieuxeko19991/job4e_be/services/job_apply/job_apply.go:59.16,62.3 2 0
gitlab.com/hieuxeko19991/job4e_be/services/job_apply/job_apply.go:81.16,83.3 1 0
gitlab.com/hieuxeko19991/job4e_be/services/job_apply/job_apply.go:87.143,90.16 3 0
gitlab.com/hieuxeko19991/job4e_be/services/job_apply/job_apply.go:94.2,95.27 2 0
gitlab.com/hieuxeko19991/job4e_be/services/job_apply/job_apply.go:107.2,111.19 2 0
gitlab.com/hieuxeko19991/job4e_be/services/job_apply/job_apply.go:90.16,93.3 2 0
gitlab.com/hieuxeko19991/job4e_be/services/job_apply/job_apply.go:95.27,97.17 2 0
gitlab.com/hieuxeko19991/job4e_be/services/job_apply/job_apply.go:101.3,105.47 2 0
gitlab.com/hieuxeko19991/job4e_be/services/job_apply/job_apply.go:97.17,99.12 2 0
gitlab.com/hieuxeko19991/job4e_be/services/job_apply/job_apply.go:114.145,117.16 3 0
gitlab.com/hieuxeko19991/job4e_be/services/job_apply/job_apply.go:121.2,125.19 2 0
gitlab.com/hieuxeko19991/job4e_be/services/job_apply/job_apply.go:117.16,120.3 2 0
gitlab.com/hieuxeko19991/job4e_be/services/job_apply/job_apply.go:128.113,130.16 2 0
gitlab.com/hieuxeko19991/job4e_be/services/job_apply/job_apply.go:134.2,135.16 2 0
gitlab.com/hieuxeko19991/job4e_be/services/job_apply/job_apply.go:139.2,149.16 5 0
gitlab.com/hieuxeko19991/job4e_be/services/job_apply/job_apply.go:152.2,152.12 1 0
gitlab.com/hieuxeko19991/job4e_be/services/job_apply/job_apply.go:130.16,133.3 2 0
gitlab.com/hieuxeko19991/job4e_be/services/job_apply/job_apply.go:135.16,138.3 2 0
gitlab.com/hieuxeko19991/job4e_be/services/job_apply/job_apply.go:149.16,151.3 1 0
gitlab.com/hieuxeko19991/job4e_be/services/job_apply/job_apply.go:155.111,157.2 1 0
gitlab.com/hieuxeko19991/job4e_be/services/job_apply/job_apply.go:158.111,160.2 1 0
gitlab.com/hieuxeko19991/job4e_be/services/job_apply/job_apply.go:162.107,164.2 1 0
gitlab.com/hieuxeko19991/job4e_be/services/job_apply/job_apply_gorm.go:34.69,39.2 1 0
gitlab.com/hieuxeko19991/job4e_be/services/job_apply/job_apply_gorm.go:41.94,44.16 3 0
gitlab.com/hieuxeko19991/job4e_be/services/job_apply/job_apply_gorm.go:48.2,48.25 1 0
gitlab.com/hieuxeko19991/job4e_be/services/job_apply/job_apply_gorm.go:44.16,47.3 2 0
gitlab.com/hieuxeko19991/job4e_be/services/job_apply/job_apply_gorm.go:51.129,59.16 4 0
gitlab.com/hieuxeko19991/job4e_be/services/job_apply/job_apply_gorm.go:63.2,65.16 3 0
gitlab.com/hieuxeko19991/job4e_be/services/job_apply/job_apply_gorm.go:69.2,69.25 1 0
gitlab.com/hieuxeko19991/job4e_be/services/job_apply/job_apply_gorm.go:59.16,62.3 2 0
gitlab.com/hieuxeko19991/job4e_be/services/job_apply/job_apply_gorm.go:65.16,68.3 2 0
gitlab.com/hieuxeko19991/job4e_be/services/job_apply/job_apply_gorm.go:72.141,80.16 6 0
gitlab.com/hieuxeko19991/job4e_be/services/job_apply/job_apply_gorm.go:85.2,85.25 1 0
gitlab.com/hieuxeko19991/job4e_be/services/job_apply/job_apply_gorm.go:80.16,83.3 2 0
gitlab.com/hieuxeko19991/job4e_be/services/job_apply/job_apply_gorm.go:88.105,91.16 3 0
gitlab.com/hieuxeko19991/job4e_be/services/job_apply/job_apply_gorm.go:95.2,95.12 1 0
gitlab.com/hieuxeko19991/job4e_be/services/job_apply/job_apply_gorm.go:91.16,94.3 2 0
gitlab.com/hieuxeko19991/job4e_be/services/job_apply/job_apply_gorm.go:98.135,106.16 6 0
gitlab.com/hieuxeko19991/job4e_be/services/job_apply/job_apply_gorm.go:111.2,111.31 1 0
gitlab.com/hieuxeko19991/job4e_be/services/job_apply/job_apply_gorm.go:106.16,109.3 2 0
gitlab.com/hieuxeko19991/job4e_be/services/job_apply/job_apply_gorm.go:114.89,119.16 4 0
gitlab.com/hieuxeko19991/job4e_be/services/job_apply/job_apply_gorm.go:123.2,123.19 1 0
gitlab.com/hieuxeko19991/job4e_be/services/job_apply/job_apply_gorm.go:119.16,122.3 2 0
gitlab.com/hieuxeko19991/job4e_be/services/job_apply/job_apply_gorm.go:126.110,130.16 4 0
gitlab.com/hieuxeko19991/job4e_be/services/job_apply/job_apply_gorm.go:134.2,134.23 1 0
gitlab.com/hieuxeko19991/job4e_be/services/job_apply/job_apply_gorm.go:130.16,133.3 2 0
gitlab.com/hieuxeko19991/job4e_be/services/job_apply/job_apply_gorm.go:137.106,144.16 4 0
gitlab.com/hieuxeko19991/job4e_be/services/job_apply/job_apply_gorm.go:148.2,148.23 1 0
gitlab.com/hieuxeko19991/job4e_be/services/job_apply/job_apply_gorm.go:144.16,147.3 2 0
gitlab.com/hieuxeko19991/job4e_be/services/recruiter/recruiter.go:32.88,37.2 1 1
gitlab.com/hieuxeko19991/job4e_be/services/recruiter/recruiter.go:39.99,41.16 2 1
gitlab.com/hieuxeko19991/job4e_be/services/recruiter/recruiter.go:44.2,44.17 1 1
gitlab.com/hieuxeko19991/job4e_be/services/recruiter/recruiter.go:41.16,43.3 1 0
gitlab.com/hieuxeko19991/job4e_be/services/recruiter/recruiter.go:47.124,61.16 3 1
gitlab.com/hieuxeko19991/job4e_be/services/recruiter/recruiter.go:64.2,64.12 1 1
gitlab.com/hieuxeko19991/job4e_be/services/recruiter/recruiter.go:61.16,63.3 1 0
gitlab.com/hieuxeko19991/job4e_be/services/recruiter/recruiter.go:68.105,74.16 3 1
gitlab.com/hieuxeko19991/job4e_be/services/recruiter/recruiter.go:77.2,77.12 1 1
gitlab.com/hieuxeko19991/job4e_be/services/recruiter/recruiter.go:74.16,76.3 1 0
gitlab.com/hieuxeko19991/job4e_be/services/recruiter/recruiter.go:80.121,82.16 2 1
gitlab.com/hieuxeko19991/job4e_be/services/recruiter/recruiter.go:85.2,85.17 1 1
gitlab.com/hieuxeko19991/job4e_be/services/recruiter/recruiter.go:82.16,84.3 1 0
gitlab.com/hieuxeko19991/job4e_be/services/recruiter/recruiter.go:88.95,91.16 2 1
gitlab.com/hieuxeko19991/job4e_be/services/recruiter/recruiter.go:95.2,95.12 1 1
gitlab.com/hieuxeko19991/job4e_be/services/recruiter/recruiter.go:91.16,94.3 2 0
gitlab.com/hieuxeko19991/job4e_be/services/recruiter/recruiter.go:99.143,101.16 2 1
gitlab.com/hieuxeko19991/job4e_be/services/recruiter/recruiter.go:104.2,104.17 1 1
gitlab.com/hieuxeko19991/job4e_be/services/recruiter/recruiter.go:101.16,103.3 1 0
gitlab.com/hieuxeko19991/job4e_be/services/recruiter/recruiter.go:107.121,110.17 3 1
gitlab.com/hieuxeko19991/job4e_be/services/recruiter/recruiter.go:115.2,116.16 2 1
gitlab.com/hieuxeko19991/job4e_be/services/recruiter/recruiter.go:120.2,120.12 1 1
gitlab.com/hieuxeko19991/job4e_be/services/recruiter/recruiter.go:110.17,113.3 2 0
gitlab.com/hieuxeko19991/job4e_be/services/recruiter/recruiter.go:116.16,119.3 2 0
gitlab.com/hieuxeko19991/job4e_be/services/recruiter/recruiter.go:123.141,127.16 3 1
gitlab.com/hieuxeko19991/job4e_be/services/recruiter/recruiter.go:130.2,130.12 1 1
gitlab.com/hieuxeko19991/job4e_be/services/recruiter/recruiter.go:127.16,129.3 1 0
gitlab.com/hieuxeko19991/job4e_be/services/recruiter/recruiter.go:133.77,138.16 2 1
gitlab.com/hieuxeko19991/job4e_be/services/recruiter/recruiter.go:141.2,141.30 1 1
gitlab.com/hieuxeko19991/job4e_be/services/recruiter/recruiter.go:138.16,140.3 1 0
gitlab.com/hieuxeko19991/job4e_be/services/recruiter/recruiter.go:145.202,147.16 2 1
gitlab.com/hieuxeko19991/job4e_be/services/recruiter/recruiter.go:150.2,150.17 1 1
gitlab.com/hieuxeko19991/job4e_be/services/recruiter/recruiter.go:147.16,149.3 1 0
gitlab.com/hieuxeko19991/job4e_be/services/recruiter/recruiter.go:153.134,158.20 5 0
gitlab.com/hieuxeko19991/job4e_be/services/recruiter/recruiter.go:163.2,163.16 1 0
gitlab.com/hieuxeko19991/job4e_be/services/recruiter/recruiter.go:167.2,168.39 2 0
gitlab.com/hieuxeko19991/job4e_be/services/recruiter/recruiter.go:180.2,185.19 2 0
gitlab.com/hieuxeko19991/job4e_be/services/recruiter/recruiter.go:158.20,160.3 1 0
gitlab.com/hieuxeko19991/job4e_be/services/recruiter/recruiter.go:160.8,162.3 1 0
gitlab.com/hieuxeko19991/job4e_be/services/recruiter/recruiter.go:163.16,166.3 2 0
gitlab.com/hieuxeko19991/job4e_be/services/recruiter/recruiter.go:168.39,170.17 2 0
gitlab.com/hieuxeko19991/job4e_be/services/recruiter/recruiter.go:174.3,178.59 2 0
gitlab.com/hieuxeko19991/job4e_be/services/recruiter/recruiter.go:170.17,172.12 2 0
gitlab.com/hieuxeko19991/job4e_be/services/recruiter/recruiter.go:188.134,191.16 3 0
gitlab.com/hieuxeko19991/job4e_be/services/recruiter/recruiter.go:195.2,196.39 2 0
gitlab.com/hieuxeko19991/job4e_be/services/recruiter/recruiter.go:208.2,213.19 2 0
gitlab.com/hieuxeko19991/job4e_be/services/recruiter/recruiter.go:191.16,194.3 2 0
gitlab.com/hieuxeko19991/job4e_be/services/recruiter/recruiter.go:196.39,198.17 2 0
gitlab.com/hieuxeko19991/job4e_be/services/recruiter/recruiter.go:202.3,206.59 2 0
gitlab.com/hieuxeko19991/job4e_be/services/recruiter/recruiter.go:198.17,200.12 2 0
gitlab.com/hieuxeko19991/job4e_be/services/recruiter/recruiter.go:216.72,218.2 1 1
gitlab.com/hieuxeko19991/job4e_be/services/recruiter/recruiter.go:220.88,222.2 1 1
gitlab.com/hieuxeko19991/job4e_be/services/recruiter/recruiter_gorm.go:50.71,55.2 1 0
gitlab.com/hieuxeko19991/job4e_be/services/recruiter/recruiter_gorm.go:57.97,60.16 3 0
gitlab.com/hieuxeko19991/job4e_be/services/recruiter/recruiter_gorm.go:64.2,64.35 1 0
gitlab.com/hieuxeko19991/job4e_be/services/recruiter/recruiter_gorm.go:60.16,63.3 2 0
gitlab.com/hieuxeko19991/job4e_be/services/recruiter/recruiter_gorm.go:66.84,72.16 4 0
gitlab.com/hieuxeko19991/job4e_be/services/recruiter/recruiter_gorm.go:76.2,77.26 2 0
gitlab.com/hieuxeko19991/job4e_be/services/recruiter/recruiter_gorm.go:80.2,80.17 1 0
gitlab.com/hieuxeko19991/job4e_be/services/recruiter/recruiter_gorm.go:72.16,75.3 2 0
gitlab.com/hieuxeko19991/job4e_be/services/recruiter/recruiter_gorm.go:77.26,79.3 1 0
gitlab.com/hieuxeko19991/job4e_be/services/recruiter/recruiter_gorm.go:83.94,87.16 4 0
gitlab.com/hieuxeko19991/job4e_be/services/recruiter/recruiter_gorm.go:91.2,93.16 3 0
gitlab.com/hieuxeko19991/job4e_be/services/recruiter/recruiter_gorm.go:96.2,97.18 2 0
gitlab.com/hieuxeko19991/job4e_be/services/recruiter/recruiter_gorm.go:87.16,90.3 2 0
gitlab.com/hieuxeko19991/job4e_be/services/recruiter/recruiter_gorm.go:93.16,95.3 1 0
gitlab.com/hieuxeko19991/job4e_be/services/recruiter/recruiter_gorm.go:100.118,106.16 6 0
gitlab.com/hieuxeko19991/job4e_be/services/recruiter/recruiter_gorm.go:111.2,111.31 1 0
gitlab.com/hieuxeko19991/job4e_be/services/recruiter/recruiter_gorm.go:106.16,109.3 2 0
gitlab.com/hieuxeko19991/job4e_be/services/recruiter/recruiter_gorm.go:114.128,128.16 3 0
gitlab.com/hieuxeko19991/job4e_be/services/recruiter/recruiter_gorm.go:132.2,132.12 1 0
gitlab.com/hieuxeko19991/job4e_be/services/recruiter/recruiter_gorm.go:128.16,131.3 2 0
gitlab.com/hieuxeko19991/job4e_be/services/recruiter/recruiter_gorm.go:136.109,139.16 3 0
gitlab.com/hieuxeko19991/job4e_be/services/recruiter/recruiter_gorm.go:143.2,143.12 1 0
gitlab.com/hieuxeko19991/job4e_be/services/recruiter/recruiter_gorm.go:139.16,142.3 2 0
gitlab.com/hieuxeko19991/job4e_be/services/recruiter/recruiter_gorm.go:146.99,150.16 4 0
gitlab.com/hieuxeko19991/job4e_be/services/recruiter/recruiter_gorm.go:154.2,154.12 1 0
gitlab.com/hieuxeko19991/job4e_be/services/recruiter/recruiter_gorm.go:150.16,153.3 2 0
gitlab.com/hieuxeko19991/job4e_be/services/recruiter/recruiter_gorm.go:157.125,165.16 4 0
gitlab.com/hieuxeko19991/job4e_be/services/recruiter/recruiter_gorm.go:169.2,169.18 1 0
gitlab.com/hieuxeko19991/job4e_be/services/recruiter/recruiter_gorm.go:173.2,173.17 1 0
gitlab.com/hieuxeko19991/job4e_be/services/recruiter/recruiter_gorm.go:165.16,168.3 2 0
gitlab.com/hieuxeko19991/job4e_be/services/recruiter/recruiter_gorm.go:169.18,172.3 1 0
gitlab.com/hieuxeko19991/job4e_be/services/recruiter/recruiter_gorm.go:177.147,193.16 9 0
gitlab.com/hieuxeko19991/job4e_be/services/recruiter/recruiter_gorm.go:197.2,198.18 2 0
gitlab.com/hieuxeko19991/job4e_be/services/recruiter/recruiter_gorm.go:202.2,208.21 6 0
gitlab.com/hieuxeko19991/job4e_be/services/recruiter/recruiter_gorm.go:193.16,196.3 2 0
gitlab.com/hieuxeko19991/job4e_be/services/recruiter/recruiter_gorm.go:198.18,201.3 1 0
gitlab.com/hieuxeko19991/job4e_be/services/recruiter/recruiter_gorm.go:211.124,214.16 3 0
gitlab.com/hieuxeko19991/job4e_be/services/recruiter/recruiter_gorm.go:218.2,218.12 1 0
gitlab.com/hieuxeko19991/job4e_be/services/recruiter/recruiter_gorm.go:214.16,217.3 2 0
gitlab.com/hieuxeko19991/job4e_be/services/recruiter/recruiter_gorm.go:221.142,225.16 3 0
gitlab.com/hieuxeko19991/job4e_be/services/recruiter/recruiter_gorm.go:229.2,229.12 1 0
gitlab.com/hieuxeko19991/job4e_be/services/recruiter/recruiter_gorm.go:225.16,228.3 2 0
gitlab.com/hieuxeko19991/job4e_be/services/recruiter/recruiter_gorm.go:233.206,252.21 8 0
gitlab.com/hieuxeko19991/job4e_be/services/recruiter/recruiter_gorm.go:257.2,257.19 1 0
gitlab.com/hieuxeko19991/job4e_be/services/recruiter/recruiter_gorm.go:262.2,275.16 5 0
gitlab.com/hieuxeko19991/job4e_be/services/recruiter/recruiter_gorm.go:279.2,280.18 2 0
gitlab.com/hieuxeko19991/job4e_be/services/recruiter/recruiter_gorm.go:284.2,285.32 2 0
gitlab.com/hieuxeko19991/job4e_be/services/recruiter/recruiter_gorm.go:290.2,296.21 6 0
gitlab.com/hieuxeko19991/job4e_be/services/recruiter/recruiter_gorm.go:252.21,255.3 2 0
gitlab.com/hieuxeko19991/job4e_be/services/recruiter/recruiter_gorm.go:257.19,260.3 2 0
gitlab.com/hieuxeko19991/job4e_be/services/recruiter/recruiter_gorm.go:275.16,278.3 2 0
gitlab.com/hieuxeko19991/job4e_be/services/recruiter/recruiter_gorm.go:280.18,283.3 1 0
gitlab.com/hieuxeko19991/job4e_be/services/recruiter/recruiter_gorm.go:285.32,288.3 1 0
gitlab.com/hieuxeko19991/job4e_be/services/recruiter/recruiter_gorm.go:299.131,309.16 7 0
gitlab.com/hieuxeko19991/job4e_be/services/recruiter/recruiter_gorm.go:313.2,313.31 1 0
gitlab.com/hieuxeko19991/job4e_be/services/recruiter/recruiter_gorm.go:309.16,312.3 2 0
gitlab.com/hieuxeko19991/job4e_be/services/recruiter/recruiter_gorm.go:316.115,320.21 3 0
gitlab.com/hieuxeko19991/job4e_be/services/recruiter/recruiter_gorm.go:324.2,324.20 1 0
gitlab.com/hieuxeko19991/job4e_be/services/recruiter/recruiter_gorm.go:320.21,323.3 2 0
gitlab.com/hieuxeko19991/job4e_be/services/recruiter/recruiter_gorm.go:327.67,331.16 4 0
gitlab.com/hieuxeko19991/job4e_be/services/recruiter/recruiter_gorm.go:336.2,336.19 1 0
gitlab.com/hieuxeko19991/job4e_be/services/recruiter/recruiter_gorm.go:331.16,334.3 2 0
gitlab.com/hieuxeko19991/job4e_be/services/recruiter/recruiter_gorm.go:339.95,343.16 4 0
gitlab.com/hieuxeko19991/job4e_be/services/recruiter/recruiter_gorm.go:347.2,347.21 1 0
gitlab.com/hieuxeko19991/job4e_be/services/recruiter/recruiter_gorm.go:343.16,346.3 2 0
gitlab.com/hieuxeko19991/job4e_be/services/skill/skill.go:34.148,42.2 1 1
gitlab.com/hieuxeko19991/job4e_be/services/skill/skill.go:45.90,53.16 3 1
gitlab.com/hieuxeko19991/job4e_be/services/skill/skill.go:56.2,59.12 4 1
gitlab.com/hieuxeko19991/job4e_be/services/skill/skill.go:53.16,55.3 1 0
gitlab.com/hieuxeko19991/job4e_be/services/skill/skill.go:63.106,71.16 3 1
gitlab.com/hieuxeko19991/job4e_be/services/skill/skill.go:74.2,77.12 4 1
gitlab.com/hieuxeko19991/job4e_be/services/skill/skill.go:71.16,73.3 1 0
gitlab.com/hieuxeko19991/job4e_be/services/skill/skill.go:80.124,82.16 2 1
gitlab.com/hieuxeko19991/job4e_be/services/skill/skill.go:85.2,85.17 1 1
gitlab.com/hieuxeko19991/job4e_be/services/skill/skill.go:82.16,84.3 1 0
gitlab.com/hieuxeko19991/job4e_be/services/skill/skill.go:88.82,90.16 2 1
gitlab.com/hieuxeko19991/job4e_be/services/skill/skill.go:93.2,93.17 1 1
gitlab.com/hieuxeko19991/job4e_be/services/skill/skill.go:90.16,92.3 1 0
gitlab.com/hieuxeko19991/job4e_be/services/skill/skill_gorm.go:20.63,25.2 1 0
gitlab.com/hieuxeko19991/job4e_be/services/skill/skill_gorm.go:29.76,32.16 3 0
gitlab.com/hieuxeko19991/job4e_be/services/skill/skill_gorm.go:36.2,36.12 1 0
gitlab.com/hieuxeko19991/job4e_be/services/skill/skill_gorm.go:32.16,35.3 2 0
gitlab.com/hieuxeko19991/job4e_be/services/skill/skill_gorm.go:40.105,48.16 3 0
gitlab.com/hieuxeko19991/job4e_be/services/skill/skill_gorm.go:52.2,52.12 1 0
gitlab.com/hieuxeko19991/job4e_be/services/skill/skill_gorm.go:48.16,51.3 2 0
gitlab.com/hieuxeko19991/job4e_be/services/skill/skill_gorm.go:55.119,66.16 9 0
gitlab.com/hieuxeko19991/job4e_be/services/skill/skill_gorm.go:70.2,71.18 2 0
gitlab.com/hieuxeko19991/job4e_be/services/skill/skill_gorm.go:75.2,81.21 6 0
gitlab.com/hieuxeko19991/job4e_be/services/skill/skill_gorm.go:66.16,69.3 2 0
gitlab.com/hieuxeko19991/job4e_be/services/skill/skill_gorm.go:71.18,74.3 1 0
gitlab.com/hieuxeko19991/job4e_be/services/skill/skill_gorm.go:84.86,88.16 4 0
gitlab.com/hieuxeko19991/job4e_be/services/skill/skill_gorm.go:92.2,92.18 1 0
gitlab.com/hieuxeko19991/job4e_be/services/skill/skill_gorm.go:96.2,96.17 1 0
gitlab.com/hieuxeko19991/job4e_be/services/skill/skill_gorm.go:88.16,91.3 2 0
gitlab.com/hieuxeko19991/job4e_be/services/skill/skill_gorm.go:92.18,95.3 1 0
gitlab.com/hieuxeko19991/job4e_be/services/skill/skill_gorm.go:99.98,103.16 4 0
gitlab.com/hieuxeko19991/job4e_be/services/skill/skill_gorm.go:107.2,107.17 1 0
gitlab.com/hieuxeko19991/job4e_be/services/skill/skill_gorm.go:103.16,106.3 2 0
gitlab.com/hieuxeko19991/job4e_be/services/follow/follow_gorm.go:33.65,38.2 1 0
gitlab.com/hieuxeko19991/job4e_be/services/follow/follow_gorm.go:40.80,43.16 3 0
gitlab.com/hieuxeko19991/job4e_be/services/follow/follow_gorm.go:47.2,47.12 1 0
gitlab.com/hieuxeko19991/job4e_be/services/follow/follow_gorm.go:43.16,46.3 2 0
gitlab.com/hieuxeko19991/job4e_be/services/follow/follow_gorm.go:50.80,53.16 3 0
gitlab.com/hieuxeko19991/job4e_be/services/follow/follow_gorm.go:57.2,57.12 1 0
gitlab.com/hieuxeko19991/job4e_be/services/follow/follow_gorm.go:53.16,56.3 2 0
gitlab.com/hieuxeko19991/job4e_be/services/follow/follow_gorm.go:60.116,64.16 4 0
gitlab.com/hieuxeko19991/job4e_be/services/follow/follow_gorm.go:68.2,68.21 1 0
gitlab.com/hieuxeko19991/job4e_be/services/follow/follow_gorm.go:64.16,67.3 2 0
gitlab.com/hieuxeko19991/job4e_be/services/follow/follow_gorm.go:71.101,74.16 3 0
gitlab.com/hieuxeko19991/job4e_be/services/follow/follow_gorm.go:78.2,78.19 1 0
gitlab.com/hieuxeko19991/job4e_be/services/follow/follow_gorm.go:74.16,77.3 2 0
gitlab.com/hieuxeko19991/job4e_be/services/follow/follow_gorm.go:81.101,84.16 3 0
gitlab.com/hieuxeko19991/job4e_be/services/follow/follow_gorm.go:88.2,88.19 1 0
gitlab.com/hieuxeko19991/job4e_be/services/follow/follow_gorm.go:84.16,87.3 2 0
gitlab.com/hieuxeko19991/job4e_be/services/follow/follow_gorm.go:91.140,99.16 6 0
gitlab.com/hieuxeko19991/job4e_be/services/follow/follow_gorm.go:104.2,104.31 1 0
gitlab.com/hieuxeko19991/job4e_be/services/follow/follow_gorm.go:99.16,102.3 2 0
gitlab.com/hieuxeko19991/job4e_be/services/follow/follow_gorm.go:107.141,115.16 6 0
gitlab.com/hieuxeko19991/job4e_be/services/follow/follow_gorm.go:120.2,120.31 1 0
gitlab.com/hieuxeko19991/job4e_be/services/follow/follow_gorm.go:115.16,118.3 2 0
gitlab.com/hieuxeko19991/job4e_be/services/follow/follow_gorm.go:123.108,126.21 3 0
gitlab.com/hieuxeko19991/job4e_be/services/follow/follow_gorm.go:130.2,130.26 1 0
gitlab.com/hieuxeko19991/job4e_be/services/follow/follow_gorm.go:126.21,129.3 2 0
gitlab.com/hieuxeko19991/job4e_be/services/follow/follow.go:36.191,44.2 1 1
gitlab.com/hieuxeko19991/job4e_be/services/follow/follow.go:46.85,52.16 3 0
gitlab.com/hieuxeko19991/job4e_be/services/follow/follow.go:56.2,57.16 2 0
gitlab.com/hieuxeko19991/job4e_be/services/follow/follow.go:62.2,63.16 2 0
gitlab.com/hieuxeko19991/job4e_be/services/follow/follow.go:68.2,88.16 7 0
gitlab.com/hieuxeko19991/job4e_be/services/follow/follow.go:92.2,92.12 1 0
gitlab.com/hieuxeko19991/job4e_be/services/follow/follow.go:52.16,55.3 2 0
gitlab.com/hieuxeko19991/job4e_be/services/follow/follow.go:57.16,60.3 2 0
gitlab.com/hieuxeko19991/job4e_be/services/follow/follow.go:63.16,66.3 2 0
gitlab.com/hieuxeko19991/job4e_be/services/follow/follow.go:88.16,91.3 2 0
gitlab.com/hieuxeko19991/job4e_be/services/follow/follow.go:95.89,101.16 3 0
gitlab.com/hieuxeko19991/job4e_be/services/follow/follow.go:105.2,105.12 1 0
gitlab.com/hieuxeko19991/job4e_be/services/follow/follow.go:101.16,104.3 2 0
gitlab.com/hieuxeko19991/job4e_be/services/follow/follow.go:108.113,110.16 2 0
gitlab.com/hieuxeko19991/job4e_be/services/follow/follow.go:115.2,117.8 1 0
gitlab.com/hieuxeko19991/job4e_be/services/follow/follow.go:110.16,113.3 2 0
gitlab.com/hieuxeko19991/job4e_be/services/follow/follow.go:120.113,122.16 2 0
gitlab.com/hieuxeko19991/job4e_be/services/follow/follow.go:127.2,129.8 1 0
gitlab.com/hieuxeko19991/job4e_be/services/follow/follow.go:122.16,125.3 2 0
gitlab.com/hieuxeko19991/job4e_be/services/follow/follow.go:132.108,134.16 2 0
gitlab.com/hieuxeko19991/job4e_be/services/follow/follow.go:138.2,138.20 1 0
gitlab.com/hieuxeko19991/job4e_be/services/follow/follow.go:134.16,137.3 2 0
gitlab.com/hieuxeko19991/job4e_be/services/follow/follow.go:141.135,144.16 3 0
gitlab.com/hieuxeko19991/job4e_be/services/follow/follow.go:149.2,153.18 2 0
gitlab.com/hieuxeko19991/job4e_be/services/follow/follow.go:144.16,147.3 2 0
gitlab.com/hieuxeko19991/job4e_be/services/follow/follow.go:156.135,159.16 3 0
gitlab.com/hieuxeko19991/job4e_be/services/follow/follow.go:164.2,168.18 2 0
gitlab.com/hieuxeko19991/job4e_be/services/follow/follow.go:159.16,162.3 2 0
gitlab.com/hieuxeko19991/job4e_be/services/notification/notification.go:27.99,32.2 1 1
gitlab.com/hieuxeko19991/job4e_be/services/notification/notification.go:35.127,37.36 2 1
gitlab.com/hieuxeko19991/job4e_be/services/notification/notification.go:48.2,49.16 2 1
gitlab.com/hieuxeko19991/job4e_be/services/notification/notification.go:52.2,52.12 1 1
gitlab.com/hieuxeko19991/job4e_be/services/notification/notification.go:37.36,47.3 2 1
gitlab.com/hieuxeko19991/job4e_be/services/notification/notification.go:49.16,51.3 1 0
gitlab.com/hieuxeko19991/job4e_be/services/notification/notification.go:55.168,58.16 3 1
gitlab.com/hieuxeko19991/job4e_be/services/notification/notification.go:62.2,66.19 2 1
gitlab.com/hieuxeko19991/job4e_be/services/notification/notification.go:58.16,61.3 2 0
gitlab.com/hieuxeko19991/job4e_be/services/notification/notification.go:69.168,72.16 3 1
gitlab.com/hieuxeko19991/job4e_be/services/notification/notification.go:76.2,80.19 2 1
gitlab.com/hieuxeko19991/job4e_be/services/notification/notification.go:72.16,75.3 2 0
gitlab.com/hieuxeko19991/job4e_be/services/notification/notification.go:83.95,85.2 1 1
gitlab.com/hieuxeko19991/job4e_be/services/notification/notification.go:87.101,88.18 1 1
gitlab.com/hieuxeko19991/job4e_be/services/notification/notification.go:94.2,94.37 1 1
gitlab.com/hieuxeko19991/job4e_be/services/notification/notification.go:89.26,90.91 1 1
gitlab.com/hieuxeko19991/job4e_be/services/notification/notification.go:91.26,92.91 1 1
gitlab.com/hieuxeko19991/job4e_be/services/notification/notification_gorm.go:27.77,32.2 1 0
gitlab.com/hieuxeko19991/job4e_be/services/notification/notification_gorm.go:35.99,38.16 3 0
gitlab.com/hieuxeko19991/job4e_be/services/notification/notification_gorm.go:42.2,42.12 1 0
gitlab.com/hieuxeko19991/job4e_be/services/notification/notification_gorm.go:38.16,41.3 2 0
gitlab.com/hieuxeko19991/job4e_be/services/notification/notification_gorm.go:46.164,53.16 6 0
gitlab.com/hieuxeko19991/job4e_be/services/notification/notification_gorm.go:57.2,57.34 1 0
gitlab.com/hieuxeko19991/job4e_be/services/notification/notification_gorm.go:53.16,56.3 2 0
gitlab.com/hieuxeko19991/job4e_be/services/notification/notification_gorm.go:60.164,67.16 6 0
gitlab.com/hieuxeko19991/job4e_be/services/notification/notification_gorm.go:71.2,71.34 1 0
gitlab.com/hieuxeko19991/job4e_be/services/notification/notification_gorm.go:67.16,70.3 2 0
gitlab.com/hieuxeko19991/job4e_be/services/notification/notification_gorm.go:74.93,77.16 3 0
gitlab.com/hieuxeko19991/job4e_be/services/notification/notification_gorm.go:81.2,81.12 1 0
gitlab.com/hieuxeko19991/job4e_be/services/notification/notification_gorm.go:77.16,80.3 2 0
gitlab.com/hieuxeko19991/job4e_be/services/notification/notification_gorm.go:84.113,87.16 3 0
gitlab.com/hieuxeko19991/job4e_be/services/notification/notification_gorm.go:91.2,91.12 1 0
gitlab.com/hieuxeko19991/job4e_be/services/notification/notification_gorm.go:87.16,90.3 2 0
